<?xml version="1.0" encoding="UTF-8"?>
<!-- Generated by org.testng.reporters.JUnitXMLReporter -->
<testsuite ignored="0" hostname="WIN-3KJM46L01JF" failures="0" tests="10" name="Test" time="58.435" errors="0" timestamp="2026-06-22T15:27:14 EDT">
  <testcase classname="testscript.LoginTest" name="verifyValidUserNameInValidPwd" time="0.769"/>
  <testcase classname="testscript.LoginTest" name="verifyValidUserNameValidPwd" time="1.338"/>
  <testcase classname="testscript.LoginTest" name="verifyinvalidUserNameInValidPwd" time="0.57"/>
  <testcase classname="testscript.LoginTest" name="verifyinvalidUserNameValidPwd" time="0.57"/>
  <testcase classname="testscript.AdminUsersTest" name="adminUsersTest" time="2.459"/>
  <testcase classname="testscript.ManageContactTest" name="manageContactTest" time="3.92"/>
  <testcase classname="testscript.ManageCategoryTest" name="manageCategoryTest" time="4.435"/>
  <testcase classname="testscript.ManageNewsTest" name="manageNewsTest" time="3.278"/>
  <testcase classname="testscript.ManageFooterTextTest" name="manageFooterText" time="3.204"/>
  <testcase classname="testscript.LogoutTest" name="verifyLogout" time="2.134"/>
</testsuite> <!-- Test -->
