<?xml version="1.0" encoding="UTF-8"?>
<testng-results ignored="0" total="1" passed="1" failed="0" skipped="0">
  <reporter-output>
  </reporter-output>
  <suite started-at="2026-06-14T17:06:46 EDT" name="Default suite" finished-at="2026-06-14T17:06:54 EDT" duration-ms="7155">
    <groups>
    </groups>
    <test started-at="2026-06-14T17:06:46 EDT" name="Default test" finished-at="2026-06-14T17:06:54 EDT" duration-ms="7155">
      <class name="testscript.ManageFooterTextTest">
        <test-method is-config="true" signature="browserInitialization()[pri:0, instance:testscript.ManageFooterTextTest@74235045]" started-at="2026-06-14T17:06:46 EDT" name="browserInitialization" finished-at="2026-06-14T17:06:50 EDT" duration-ms="3468" status="PASS">
          <reporter-output>
          </reporter-output>
        </test-method> <!-- browserInitialization -->
        <test-method signature="adminUsersTest()[pri:0, instance:testscript.ManageFooterTextTest@74235045]" started-at="2026-06-14T17:06:50 EDT" name="adminUsersTest" finished-at="2026-06-14T17:06:54 EDT" duration-ms="3656" status="PASS">
          <reporter-output>
          </reporter-output>
        </test-method> <!-- adminUsersTest -->
      </class> <!-- testscript.ManageFooterTextTest -->
    </test> <!-- Default test -->
  </suite> <!-- Default suite -->
</testng-results>
