<?xml version="1.0" encoding="UTF-8"?>
<testng-results ignored="8" total="10" passed="2" failed="0" skipped="0">
  <reporter-output>
  </reporter-output>
  <suite started-at="2026-06-22T15:38:15 EDT" name="grouping" finished-at="2026-06-22T15:38:33 EDT" duration-ms="18645">
    <groups>
      <group name="regression">
        <method signature="LoginTest.verifyValidUserNameValidPwd()[pri:0, instance:testscript.LoginTest@3b6d844d]" name="verifyValidUserNameValidPwd" class="testscript.LoginTest"/>
        <method signature="LogoutTest.verifyLogout()[pri:0, instance:testscript.LogoutTest@4e0ae11f]" name="verifyLogout" class="testscript.LogoutTest"/>
      </group> <!-- regression -->
    </groups>
    <test started-at="2026-06-22T15:38:15 EDT" name="Test" finished-at="2026-06-22T15:38:33 EDT" duration-ms="18645">
      <class name="testscript.LogoutTest">
        <test-method is-config="true" signature="browserInitialization(java.lang.String)[pri:0, instance:testscript.LogoutTest@4e0ae11f]" started-at="2026-06-22T15:38:21 EDT" name="browserInitialization" finished-at="2026-06-22T15:38:29 EDT" duration-ms="7583" status="PASS">
          <params>
            <param index="0">
              <value>
                <![CDATA[Edge]]>
              </value>
            </param>
          </params>
          <reporter-output>
          </reporter-output>
        </test-method> <!-- browserInitialization -->
        <test-method signature="verifyLogout()[pri:0, instance:testscript.LogoutTest@4e0ae11f]" started-at="2026-06-22T15:38:29 EDT" name="verifyLogout" description="Verifying valid logout functionality" finished-at="2026-06-22T15:38:33 EDT" duration-ms="4689" status="PASS">
          <reporter-output>
          </reporter-output>
        </test-method> <!-- verifyLogout -->
      </class> <!-- testscript.LogoutTest -->
      <class name="testscript.LoginTest">
        <test-method is-config="true" signature="browserInitialization(java.lang.String)[pri:0, instance:testscript.LoginTest@3b6d844d]" started-at="2026-06-22T15:38:15 EDT" name="browserInitialization" finished-at="2026-06-22T15:38:19 EDT" duration-ms="4438" status="PASS">
          <params>
            <param index="0">
              <value>
                <![CDATA[Edge]]>
              </value>
            </param>
          </params>
          <reporter-output>
          </reporter-output>
        </test-method> <!-- browserInitialization -->
        <test-method signature="verifyValidUserNameValidPwd()[pri:0, instance:testscript.LoginTest@3b6d844d]" started-at="2026-06-22T15:38:19 EDT" name="verifyValidUserNameValidPwd" description="Verifying valid login functionality" finished-at="2026-06-22T15:38:21 EDT" duration-ms="1892" status="PASS">
          <reporter-output>
          </reporter-output>
        </test-method> <!-- verifyValidUserNameValidPwd -->
      </class> <!-- testscript.LoginTest -->
    </test> <!-- Test -->
  </suite> <!-- grouping -->
</testng-results>
