<?xml version="1.0" encoding="UTF-8"?>
<!-- Generated by org.testng.reporters.JUnitXMLReporter -->
<testsuite ignored="8" hostname="WIN-3KJM46L01JF" failures="2" tests="2" name="Test" time="0.777" errors="0" timestamp="2026-06-19T11:29:52 EDT">
  <testcase classname="testscript.LogoutTest" name="verifyLogout" time="0.665">
    <failure type="java.lang.NullPointerException" message="Cannot invoke &amp;quot;org.openqa.selenium.SearchContext.findElement(org.openqa.selenium.By)&amp;quot; because &amp;quot;this.searchContext&amp;quot; is null">
      <![CDATA[java.lang.NullPointerException: Cannot invoke "org.openqa.selenium.SearchContext.findElement(org.openqa.selenium.By)" because "this.searchContext" is null
at org.openqa.selenium.support.pagefactory.DefaultElementLocator.findElement(DefaultElementLocator.java:68)
at org.openqa.selenium.support.pagefactory.internal.LocatingElementHandler.invoke(LocatingElementHandler.java:38)
at jdk.proxy2/jdk.proxy2.$Proxy13.sendKeys(Unknown Source)
at pages.LoginPage.enterUsername(LoginPage.java:27)
at testscript.LogoutTest.verifyLogout(LogoutTest.java:19)
at java.base/java.util.ArrayList.forEach(ArrayList.java:1596)
... Removed 25 stack frames]]>
    </failure>
  </testcase> <!-- verifyLogout -->
  <testcase classname="testscript.LoginTest" name="verifyValidUserNameValidPwd" time="0.048">
    <failure type="java.lang.NullPointerException" message="Cannot invoke &amp;quot;org.openqa.selenium.SearchContext.findElement(org.openqa.selenium.By)&amp;quot; because &amp;quot;this.searchContext&amp;quot; is null">
      <![CDATA[java.lang.NullPointerException: Cannot invoke "org.openqa.selenium.SearchContext.findElement(org.openqa.selenium.By)" because "this.searchContext" is null
at org.openqa.selenium.support.pagefactory.DefaultElementLocator.findElement(DefaultElementLocator.java:68)
at org.openqa.selenium.support.pagefactory.internal.LocatingElementHandler.invoke(LocatingElementHandler.java:38)
at jdk.proxy2/jdk.proxy2.$Proxy13.sendKeys(Unknown Source)
at pages.LoginPage.enterUsername(LoginPage.java:27)
at testscript.LoginTest.verifyValidUserNameValidPwd(LoginTest.java:19)
at java.base/java.util.ArrayList.forEach(ArrayList.java:1596)
... Removed 25 stack frames]]>
    </failure>
  </testcase> <!-- verifyValidUserNameValidPwd -->
  <testcase classname="testscript.ManageContactTest" name="manageContactTest" time="0.0">
    <ignored/>
  </testcase> <!-- manageContactTest -->
  <testcase classname="testscript.ManageFooterTextTest" name="manageFooterText" time="0.0">
    <ignored/>
  </testcase> <!-- manageFooterText -->
  <testcase classname="testscript.ManageNewsTest" name="manageNewsTest" time="0.0">
    <ignored/>
  </testcase> <!-- manageNewsTest -->
  <testcase classname="testscript.LoginTest" name="verifyValidUserNameInValidPwd" time="0.0">
    <ignored/>
  </testcase> <!-- verifyValidUserNameInValidPwd -->
  <testcase classname="testscript.AdminUsersTest" name="adminUsersTest" time="0.0">
    <ignored/>
  </testcase> <!-- adminUsersTest -->
  <testcase classname="testscript.LoginTest" name="verifyinvalidUserNameInValidPwd" time="0.0">
    <ignored/>
  </testcase> <!-- verifyinvalidUserNameInValidPwd -->
  <testcase classname="testscript.LoginTest" name="verifyinvalidUserNameValidPwd" time="0.0">
    <ignored/>
  </testcase> <!-- verifyinvalidUserNameValidPwd -->
  <testcase classname="testscript.ManageCategoryTest" name="manageCategoryTest" time="0.0">
    <ignored/>
  </testcase> <!-- manageCategoryTest -->
</testsuite> <!-- Test -->
