<?xml version="1.0" encoding="UTF-8"?>
<!-- Generated by org.testng.reporters.JUnitXMLReporter -->
<testsuite ignored="8" hostname="WIN-3KJM46L01JF" failures="0" tests="2" name="Test" time="18.645" errors="0" timestamp="2026-06-22T15:38:34 EDT">
  <testcase classname="testscript.LoginTest" name="verifyValidUserNameValidPwd" time="1.892"/>
  <testcase classname="testscript.LogoutTest" name="verifyLogout" time="4.689"/>
  <testcase classname="testscript.LoginTest" name="verifyinvalidUserNameInValidPwd" time="0.0">
    <ignored/>
  </testcase> <!-- verifyinvalidUserNameInValidPwd -->
  <testcase classname="testscript.LoginTest" name="verifyinvalidUserNameValidPwd" time="0.0">
    <ignored/>
  </testcase> <!-- verifyinvalidUserNameValidPwd -->
  <testcase classname="testscript.LoginTest" name="verifyValidUserNameInValidPwd" time="0.0">
    <ignored/>
  </testcase> <!-- verifyValidUserNameInValidPwd -->
  <testcase classname="testscript.ManageContactTest" name="manageContactTest" time="0.0">
    <ignored/>
  </testcase> <!-- manageContactTest -->
  <testcase classname="testscript.ManageCategoryTest" name="manageCategoryTest" time="0.0">
    <ignored/>
  </testcase> <!-- manageCategoryTest -->
  <testcase classname="testscript.ManageNewsTest" name="manageNewsTest" time="0.0">
    <ignored/>
  </testcase> <!-- manageNewsTest -->
  <testcase classname="testscript.AdminUsersTest" name="adminUsersTest" time="0.0">
    <ignored/>
  </testcase> <!-- adminUsersTest -->
  <testcase classname="testscript.ManageFooterTextTest" name="manageFooterText" time="0.0">
    <ignored/>
  </testcase> <!-- manageFooterText -->
</testsuite> <!-- Test -->
