<?xml version="1.0" encoding="UTF-8"?>
<!-- Generated by org.testng.reporters.JUnitXMLReporter -->
<testsuite ignored="0" hostname="WIN-3KJM46L01JF" failures="0" tests="10" name="ChromeTest" time="71.257" errors="0" timestamp="2026-06-18T23:24:24 EDT">
  <testcase classname="testscript.ManageContactTest" name="manageContactTest" time="4.125"/>
  <testcase classname="testscript.ManageCategoryTest" name="manageCategoryTest" time="6.336"/>
  <testcase classname="testscript.AdminUsersTest" name="adminUsersTest" time="2.989"/>
  <testcase classname="testscript.ManageNewsTest" name="manageNewsTest" time="3.32"/>
  <testcase classname="testscript.ManageFooterTextTest" name="manageFooterText" time="3.81"/>
  <testcase classname="testscript.LogoutTest" name="verifyLogout" time="7.945"/>
  <testcase classname="testscript.LoginTest" name="verifyValidUserNameInValidPwd" time="0.199"/>
  <testcase classname="testscript.LoginTest" name="verifyValidUserNameValidPwd" time="1.859"/>
  <testcase classname="testscript.LoginTest" name="verifyinvalidUserNameInValidPwd" time="0.172"/>
  <testcase classname="testscript.LoginTest" name="verifyinvalidUserNameValidPwd" time="0.579"/>
</testsuite> <!-- ChromeTest -->
