<?xml version="1.0" encoding="UTF-8"?>
<!-- Generated by org.testng.reporters.JUnitXMLReporter -->
<testsuite ignored="0" hostname="WIN-3KJM46L01JF" failures="0" tests="10" name="EdgeTest" time="69.509" errors="0" timestamp="2026-06-18T23:23:12 EDT">
  <testcase classname="testscript.ManageContactTest" name="manageContactTest" time="4.627"/>
  <testcase classname="testscript.ManageCategoryTest" name="manageCategoryTest" time="6.658"/>
  <testcase classname="testscript.AdminUsersTest" name="adminUsersTest" time="3.165"/>
  <testcase classname="testscript.ManageNewsTest" name="manageNewsTest" time="5.251"/>
  <testcase classname="testscript.ManageFooterTextTest" name="manageFooterText" time="3.716"/>
  <testcase classname="testscript.LogoutTest" name="verifyLogout" time="2.678"/>
  <testcase classname="testscript.LoginTest" name="verifyValidUserNameInValidPwd" time="0.226"/>
  <testcase classname="testscript.LoginTest" name="verifyValidUserNameValidPwd" time="1.979"/>
  <testcase classname="testscript.LoginTest" name="verifyinvalidUserNameInValidPwd" time="0.222"/>
  <testcase classname="testscript.LoginTest" name="verifyinvalidUserNameValidPwd" time="0.73"/>
</testsuite> <!-- EdgeTest -->
