<?xml version="1.0" encoding="UTF-8"?>
<!-- Generated by org.testng.reporters.JUnitXMLReporter -->
<testsuite ignored="0" hostname="WIN-3KJM46L01JF" failures="2" tests="12" name="FirefoxTest" time="124.6" errors="0" timestamp="2026-06-18T21:21:03 EDT">
  <testcase classname="testscript.ManageContactTest" name="manageContactTest" time="1.634">
    <skipped/>
  </testcase> <!-- manageContactTest -->
  <testcase classname="testscript.ManageContactTest" name="manageContactTest" time="1.563">
    <skipped/>
  </testcase> <!-- manageContactTest -->
  <testcase classname="testscript.ManageContactTest" name="manageContactTest" time="1.567">
    <failure type="org.openqa.selenium.ElementNotInteractableException" message="Element &amp;lt;input id=&amp;quot;phone&amp;quot; class=&amp;quot;form-control&amp;quot; name=&amp;quot;phone&amp;quot; type=&amp;quot;text&amp;quot;&amp;gt; could not be scrolled into view
Build info: version: &amp;apos;4.39.0&amp;apos;, revision: &amp;apos;126f156aee&amp;apos;
System info: os.name: &amp;apos;Windows 11&amp;apos;, os.arch: &amp;apos;amd64&amp;apos;, os.version: &amp;apos;10.0&amp;apos;, java.version: &amp;apos;21.0.8&amp;apos;
Driver info: org.openqa.selenium.firefox.FirefoxDriver
Command: [b783ae0a-5f19-44d9-8e76-f99dec19b7d4, clearElement {id=5f1353f9-d037-4642-a9f0-6b9296c569f5}]
Capabilities {acceptInsecureCerts: true, browserName: firefox, browserVersion: 152.0.1, moz:accessibilityChecks: false, moz:buildID: 20260617213557, moz:geckodriverVersion: 0.37.0, moz:headless: false, moz:platformVersion: 10.0, moz:processID: 35448, moz:profile: C:\Users\sanar\AppData\Loca..., moz:shutdownTimeout: 60000, moz:webdriverClick: true, moz:windowless: false, pageLoadStrategy: normal, platformName: windows, proxy: Proxy(), setWindowRect: true, strictFileInteractability: false, timeouts: {implicit: 0, pageLoad: 300000, script: 30000}, unhandledPromptBehavior: dismiss and notify, userAgent: Mozilla/5.0 (Windows NT 10....}
Element: [[FirefoxDriver: firefox on windows (b783ae0a-5f19-44d9-8e76-f99dec19b7d4)] -&amp;gt; id: phone]
Session ID: b783ae0a-5f19-44d9-8e76-f99dec19b7d4">
      <![CDATA[org.openqa.selenium.ElementNotInteractableException: Element <input id="phone" class="form-control" name="phone" type="text"> could not be scrolled into view
Build info: version: '4.39.0', revision: '126f156aee'
System info: os.name: 'Windows 11', os.arch: 'amd64', os.version: '10.0', java.version: '21.0.8'
Driver info: org.openqa.selenium.firefox.FirefoxDriver
Command: [b783ae0a-5f19-44d9-8e76-f99dec19b7d4, clearElement {id=5f1353f9-d037-4642-a9f0-6b9296c569f5}]
Capabilities {acceptInsecureCerts: true, browserName: firefox, browserVersion: 152.0.1, moz:accessibilityChecks: false, moz:buildID: 20260617213557, moz:geckodriverVersion: 0.37.0, moz:headless: false, moz:platformVersion: 10.0, moz:processID: 35448, moz:profile: C:\Users\sanar\AppData\Loca..., moz:shutdownTimeout: 60000, moz:webdriverClick: true, moz:windowless: false, pageLoadStrategy: normal, platformName: windows, proxy: Proxy(), setWindowRect: true, strictFileInteractability: false, timeouts: {implicit: 0, pageLoad: 300000, script: 30000}, unhandledPromptBehavior: dismiss and notify, userAgent: Mozilla/5.0 (Windows NT 10....}
Element: [[FirefoxDriver: firefox on windows (b783ae0a-5f19-44d9-8e76-f99dec19b7d4)] -> id: phone]
Session ID: b783ae0a-5f19-44d9-8e76-f99dec19b7d4
at org.openqa.selenium.remote.ErrorCodec.decode(ErrorCodec.java:167)
at org.openqa.selenium.remote.codec.w3c.W3CHttpResponseCodec.decode(W3CHttpResponseCodec.java:142)
at org.openqa.selenium.remote.codec.w3c.W3CHttpResponseCodec.decode(W3CHttpResponseCodec.java:49)
at org.openqa.selenium.remote.HttpCommandExecutor.execute(HttpCommandExecutor.java:215)
at org.openqa.selenium.remote.service.DriverCommandExecutor.invokeExecute(DriverCommandExecutor.java:216)
at org.openqa.selenium.remote.service.DriverCommandExecutor.execute(DriverCommandExecutor.java:174)
at org.openqa.selenium.remote.RemoteWebDriver.execute(RemoteWebDriver.java:561)
at org.openqa.selenium.remote.RemoteWebElement.execute(RemoteWebElement.java:223)
at org.openqa.selenium.remote.RemoteWebElement.clear(RemoteWebElement.java:129)
at org.openqa.selenium.support.pagefactory.internal.LocatingElementHandler.invoke(LocatingElementHandler.java:51)
at jdk.proxy2/jdk.proxy2.$Proxy14.clear(Unknown Source)
at pages.ManageContactPage.phoneField(ManageContactPage.java:37)
at testscript.ManageContactTest.manageContactTest(ManageContactTest.java:23)
at java.base/java.util.ArrayList.forEach(ArrayList.java:1596)
... Removed 30 stack frames]]>
    </failure>
  </testcase> <!-- manageContactTest -->
  <testcase classname="testscript.ManageCategoryTest" name="manageCategoryTest" time="3.417"/>
  <testcase classname="testscript.AdminUsersTest" name="adminUsersTest" time="1.948">
    <failure type="org.openqa.selenium.ElementNotInteractableException" message="Element &amp;lt;input id=&amp;quot;username&amp;quot; class=&amp;quot;form-control&amp;quot; name=&amp;quot;username&amp;quot; type=&amp;quot;text&amp;quot;&amp;gt; is not reachable by keyboard
Build info: version: &amp;apos;4.39.0&amp;apos;, revision: &amp;apos;126f156aee&amp;apos;
System info: os.name: &amp;apos;Windows 11&amp;apos;, os.arch: &amp;apos;amd64&amp;apos;, os.version: &amp;apos;10.0&amp;apos;, java.version: &amp;apos;21.0.8&amp;apos;
Driver info: org.openqa.selenium.firefox.FirefoxDriver
Command: [766b3406-1000-4b8c-aa51-c5c40f43e1e7, sendKeysToElement {id=ca3ebe0d-eddf-4049-9580-649b58f2d342, value=[Ljava.lang.CharSequence;@4e8b8d68}]
Capabilities {acceptInsecureCerts: true, browserName: firefox, browserVersion: 152.0.1, moz:accessibilityChecks: false, moz:buildID: 20260617213557, moz:geckodriverVersion: 0.37.0, moz:headless: false, moz:platformVersion: 10.0, moz:processID: 41100, moz:profile: C:\Users\sanar\AppData\Loca..., moz:shutdownTimeout: 60000, moz:webdriverClick: true, moz:windowless: false, pageLoadStrategy: normal, platformName: windows, proxy: Proxy(), setWindowRect: true, strictFileInteractability: false, timeouts: {implicit: 0, pageLoad: 300000, script: 30000}, unhandledPromptBehavior: dismiss and notify, userAgent: Mozilla/5.0 (Windows NT 10....}
Element: [[FirefoxDriver: firefox on windows (766b3406-1000-4b8c-aa51-c5c40f43e1e7)] -&amp;gt; xpath: //input[@name=&amp;apos;username&amp;apos;]]
Session ID: 766b3406-1000-4b8c-aa51-c5c40f43e1e7">
      <![CDATA[org.openqa.selenium.ElementNotInteractableException: Element <input id="username" class="form-control" name="username" type="text"> is not reachable by keyboard
Build info: version: '4.39.0', revision: '126f156aee'
System info: os.name: 'Windows 11', os.arch: 'amd64', os.version: '10.0', java.version: '21.0.8'
Driver info: org.openqa.selenium.firefox.FirefoxDriver
Command: [766b3406-1000-4b8c-aa51-c5c40f43e1e7, sendKeysToElement {id=ca3ebe0d-eddf-4049-9580-649b58f2d342, value=[Ljava.lang.CharSequence;@4e8b8d68}]
Capabilities {acceptInsecureCerts: true, browserName: firefox, browserVersion: 152.0.1, moz:accessibilityChecks: false, moz:buildID: 20260617213557, moz:geckodriverVersion: 0.37.0, moz:headless: false, moz:platformVersion: 10.0, moz:processID: 41100, moz:profile: C:\Users\sanar\AppData\Loca..., moz:shutdownTimeout: 60000, moz:webdriverClick: true, moz:windowless: false, pageLoadStrategy: normal, platformName: windows, proxy: Proxy(), setWindowRect: true, strictFileInteractability: false, timeouts: {implicit: 0, pageLoad: 300000, script: 30000}, unhandledPromptBehavior: dismiss and notify, userAgent: Mozilla/5.0 (Windows NT 10....}
Element: [[FirefoxDriver: firefox on windows (766b3406-1000-4b8c-aa51-c5c40f43e1e7)] -> xpath: //input[@name='username']]
Session ID: 766b3406-1000-4b8c-aa51-c5c40f43e1e7
at org.openqa.selenium.remote.ErrorCodec.decode(ErrorCodec.java:167)
at org.openqa.selenium.remote.codec.w3c.W3CHttpResponseCodec.decode(W3CHttpResponseCodec.java:142)
at org.openqa.selenium.remote.codec.w3c.W3CHttpResponseCodec.decode(W3CHttpResponseCodec.java:49)
at org.openqa.selenium.remote.HttpCommandExecutor.execute(HttpCommandExecutor.java:215)
at org.openqa.selenium.remote.service.DriverCommandExecutor.invokeExecute(DriverCommandExecutor.java:216)
at org.openqa.selenium.remote.service.DriverCommandExecutor.execute(DriverCommandExecutor.java:174)
at org.openqa.selenium.remote.RemoteWebDriver.execute(RemoteWebDriver.java:561)
at org.openqa.selenium.remote.RemoteWebElement.execute(RemoteWebElement.java:223)
at org.openqa.selenium.remote.RemoteWebElement.sendKeys(RemoteWebElement.java:110)
at org.openqa.selenium.support.pagefactory.internal.LocatingElementHandler.invoke(LocatingElementHandler.java:51)
at jdk.proxy2/jdk.proxy2.$Proxy14.sendKeys(Unknown Source)
at pages.AdminUsersPage.adminUserInfo(AdminUsersPage.java:37)
at testscript.AdminUsersTest.adminUsersTest(AdminUsersTest.java:27)
at java.base/java.util.ArrayList.forEach(ArrayList.java:1596)
... Removed 30 stack frames]]>
    </failure>
  </testcase> <!-- adminUsersTest -->
  <testcase classname="testscript.ManageNewsTest" name="manageNewsTest" time="3.195"/>
  <testcase classname="testscript.ManageFooterTextTest" name="manageFooterText" time="3.149"/>
  <testcase classname="testscript.LogoutTest" name="verifyLogout" time="1.956"/>
  <testcase classname="testscript.LoginTest" name="verifyValidUserNameInValidPwd" time="0.727"/>
  <testcase classname="testscript.LoginTest" name="verifyValidUserNameValidPwd" time="1.246"/>
  <testcase classname="testscript.LoginTest" name="verifyinvalidUserNameInValidPwd" time="0.526"/>
  <testcase classname="testscript.LoginTest" name="verifyinvalidUserNameValidPwd" time="0.514"/>
</testsuite> <!-- FirefoxTest -->
